<?xml version="1.0" encoding="UTF-8"?>
<!-- Generated by org.testng.reporters.JUnitReportReporter -->
<testsuite skipped="0" hostname="EMB-BAN-102" name="TestCases.LoginPageTest" tests="4" failures="0" timestamp="13 Jun 2018 09:46:57 GMT" time="2.289" errors="0">
  <testcase name="closepop" time="0.272" classname="TestCases.LoginPageTest"/>
  <testcase name="LoggedIn" time="1.900" classname="TestCases.LoginPageTest"/>
  <testcase name="LoginPagetitleTest" time="0.017" classname="TestCases.LoginPageTest"/>
  <testcase name="cswlogoImageTest" time="0.100" classname="TestCases.LoginPageTest"/>
</testsuite> <!-- TestCases.LoginPageTest -->
